# JRE version: OpenJDK Runtime Environment (8.0_242-b01) (build 1.8.0_242-release-1644-b01)
# Java VM: OpenJDK 64-Bit Server VM (25.242-b01 mixed mode windows-amd64 compressed oops)
Heap:
 PSYoungGen      total 153088K, used 45142K [0x00000000f5580000, 0x0000000100000000, 0x0000000100000000)
  eden space 131584K, 17% used [0x00000000f5580000,0x00000000f6c9d9f0,0x00000000fd600000)
  from space 21504K, 99% used [0x00000000fd600000,0x00000000feaf8180,0x00000000feb00000)
  to   space 21504K, 0% used [0x00000000feb00000,0x00000000feb00000,0x0000000100000000)
 ParOldGen       total 290816K, used 216659K [0x00000000e0000000, 0x00000000f1c00000, 0x00000000f5580000)
  object space 290816K, 74% used [0x00000000e0000000,0x00000000ed394ef0,0x00000000f1c00000)
 Metaspace       used 115452K, capacity 121462K, committed 122572K, reserved 1155072K
  class space    used 14767K, capacity 16019K, committed 16384K, reserved 1048576K
GC Heap History (10 events):
Event: 192.111 GC heap before
{Heap before GC invocations=94 (full 5):
 PSYoungGen      total 162304K, used 153088K [0x00000000f5580000, 0x00000000fff80000, 0x0000000100000000)
  eden space 151552K, 100% used [0x00000000f5580000,0x00000000fe980000,0x00000000fe980000)
  from space 10752K, 14% used [0x00000000ff500000,0x00000000ff680000,0x00000000fff80000)
  to   space 11264K, 0% used [0x00000000fe980000,0x00000000fe980000,0x00000000ff480000)
 ParOldGen       total 290816K, used 150658K [0x00000000e0000000, 0x00000000f1c00000, 0x00000000f5580000)
  object space 290816K, 51% used [0x00000000e0000000,0x00000000e9320a00,0x00000000f1c00000)
 Metaspace       used 114663K, capacity 120600K, committed 121932K, reserved 1155072K
  class space    used 14690K, capacity 15954K, committed 16256K, reserved 1048576K
Event: 192.117 GC heap after
Heap after GC invocations=94 (full 5):
 PSYoungGen      total 162816K, used 2272K [0x00000000f5580000, 0x00000000fff80000, 0x0000000100000000)
  eden space 151552K, 0% used [0x00000000f5580000,0x00000000f5580000,0x00000000fe980000)
  from space 11264K, 20% used [0x00000000fe980000,0x00000000febb8000,0x00000000ff480000)
  to   space 10752K, 0% used [0x00000000ff500000,0x00000000ff500000,0x00000000fff80000)
 ParOldGen       total 290816K, used 151748K [0x00000000e0000000, 0x00000000f1c00000, 0x00000000f5580000)
  object space 290816K, 52% used [0x00000000e0000000,0x00000000e94310a0,0x00000000f1c00000)
 Metaspace       used 114663K, capacity 120600K, committed 121932K, reserved 1155072K
  class space    used 14690K, capacity 15954K, committed 16256K, reserved 1048576K
}
Event: 192.344 GC heap before
{Heap before GC invocations=95 (full 5):
 PSYoungGen      total 162816K, used 153824K [0x00000000f5580000, 0x00000000fff80000, 0x0000000100000000)
  eden space 151552K, 100% used [0x00000000f5580000,0x00000000fe980000,0x00000000fe980000)
  from space 11264K, 20% used [0x00000000fe980000,0x00000000febb8000,0x00000000ff480000)
  to   space 10752K, 0% used [0x00000000ff500000,0x00000000ff500000,0x00000000fff80000)
 ParOldGen       total 290816K, used 151748K [0x00000000e0000000, 0x00000000f1c00000, 0x00000000f5580000)
  object space 290816K, 52% used [0x00000000e0000000,0x00000000e94310a0,0x00000000f1c00000)
 Metaspace       used 114664K, capacity 120600K, committed 121932K, reserved 1155072K
  class space    used 14690K, capacity 15954K, committed 16256K, reserved 1048576K
Event: 192.350 GC heap after
Heap after GC invocations=95 (full 5):
 PSYoungGen      total 162304K, used 2112K [0x00000000f5580000, 0x00000000ffe80000, 0x0000000100000000)
  eden space 152576K, 0% used [0x00000000f5580000,0x00000000f5580000,0x00000000fea80000)
  from space 9728K, 21% used [0x00000000ff500000,0x00000000ff710000,0x00000000ffe80000)
  to   space 10240K, 0% used [0x00000000fea80000,0x00000000fea80000,0x00000000ff480000)
 ParOldGen       total 290816K, used 152616K [0x00000000e0000000, 0x00000000f1c00000, 0x00000000f5580000)
  object space 290816K, 52% used [0x00000000e0000000,0x00000000e950a3f8,0x00000000f1c00000)
 Metaspace       used 114664K, capacity 120600K, committed 121932K, reserved 1155072K
  class space    used 14690K, capacity 15954K, committed 16256K, reserved 1048576K
}
Event: 192.587 GC heap before
{Heap before GC invocations=96 (full 5):
 PSYoungGen      total 162304K, used 154688K [0x00000000f5580000, 0x00000000ffe80000, 0x0000000100000000)
  eden space 152576K, 100% used [0x00000000f5580000,0x00000000fea80000,0x00000000fea80000)
  from space 9728K, 21% used [0x00000000ff500000,0x00000000ff710000,0x00000000ffe80000)
  to   space 10240K, 0% used [0x00000000fea80000,0x00000000fea80000,0x00000000ff480000)
 ParOldGen       total 290816K, used 152616K [0x00000000e0000000, 0x00000000f1c00000, 0x00000000f5580000)
  object space 290816K, 52% used [0x00000000e0000000,0x00000000e950a3f8,0x00000000f1c00000)
 Metaspace       used 114664K, capacity 120600K, committed 121932K, reserved 1155072K
  class space    used 14690K, capacity 15954K, committed 16256K, reserved 1048576K
Event: 192.595 GC heap after
Heap after GC invocations=96 (full 5):
 PSYoungGen      total 162816K, used 1280K [0x00000000f5580000, 0x00000000fff80000, 0x0000000100000000)
  eden space 152576K, 0% used [0x00000000f5580000,0x00000000f5580000,0x00000000fea80000)
  from space 10240K, 12% used [0x00000000fea80000,0x00000000febc0000,0x00000000ff480000)
  to   space 9728K, 0% used [0x00000000ff600000,0x00000000ff600000,0x00000000fff80000)
 ParOldGen       total 290816K, used 153664K [0x00000000e0000000, 0x00000000f1c00000, 0x00000000f5580000)
  object space 290816K, 52% used [0x00000000e0000000,0x00000000e96100f8,0x00000000f1c00000)
 Metaspace       used 114664K, capacity 120600K, committed 121932K, reserved 1155072K
  class space    used 14690K, capacity 15954K, committed 16256K, reserved 1048576K
}
Event: 193.325 GC heap before
{Heap before GC invocations=97 (full 5):
 PSYoungGen      total 162816K, used 153856K [0x00000000f5580000, 0x00000000fff80000, 0x0000000100000000)
  eden space 152576K, 100% used [0x00000000f5580000,0x00000000fea80000,0x00000000fea80000)
  from space 10240K, 12% used [0x00000000fea80000,0x00000000febc0000,0x00000000ff480000)
  to   space 9728K, 0% used [0x00000000ff600000,0x00000000ff600000,0x00000000fff80000)
 ParOldGen       total 290816K, used 153664K [0x00000000e0000000, 0x00000000f1c00000, 0x00000000f5580000)
  object space 290816K, 52% used [0x00000000e0000000,0x00000000e96100f8,0x00000000f1c00000)
 Metaspace       used 115092K, capacity 121010K, committed 122316K, reserved 1155072K
  class space    used 14742K, capacity 16011K, committed 16384K, reserved 1048576K
Event: 193.390 GC heap after
Heap after GC invocations=97 (full 5):
 PSYoungGen      total 141312K, used 9720K [0x00000000f5580000, 0x0000000100000000, 0x0000000100000000)
  eden space 131584K, 0% used [0x00000000f5580000,0x00000000f5580000,0x00000000fd600000)
  from space 9728K, 99% used [0x00000000ff600000,0x00000000fff7e2b0,0x00000000fff80000)
  to   space 21504K, 0% used [0x00000000fd600000,0x00000000fd600000,0x00000000feb00000)
 ParOldGen       total 290816K, used 180345K [0x00000000e0000000, 0x00000000f1c00000, 0x00000000f5580000)
  object space 290816K, 62% used [0x00000000e0000000,0x00000000eb01e738,0x00000000f1c00000)
 Metaspace       used 115092K, capacity 121010K, committed 122316K, reserved 1155072K
  class space    used 14742K, capacity 16011K, committed 16384K, reserved 1048576K
}
Event: 194.688 GC heap before
{Heap before GC invocations=98 (full 5):
 PSYoungGen      total 141312K, used 141304K [0x00000000f5580000, 0x0000000100000000, 0x0000000100000000)
  eden space 131584K, 100% used [0x00000000f5580000,0x00000000fd600000,0x00000000fd600000)
  from space 9728K, 99% used [0x00000000ff600000,0x00000000fff7e2b0,0x00000000fff80000)
  to   space 21504K, 0% used [0x00000000fd600000,0x00000000fd600000,0x00000000feb00000)
 ParOldGen       total 290816K, used 180345K [0x00000000e0000000, 0x00000000f1c00000, 0x00000000f5580000)
  object space 290816K, 62% used [0x00000000e0000000,0x00000000eb01e738,0x00000000f1c00000)
 Metaspace       used 115369K, capacity 121386K, committed 122572K, reserved 1155072K
  class space    used 14755K, capacity 16017K, committed 16384K, reserved 1048576K
Event: 194.749 GC heap after
Heap after GC invocations=98 (full 5):
 PSYoungGen      total 153088K, used 21472K [0x00000000f5580000, 0x0000000100000000, 0x0000000100000000)
  eden space 131584K, 0% used [0x00000000f5580000,0x00000000f5580000,0x00000000fd600000)
  from space 21504K, 99% used [0x00000000fd600000,0x00000000feaf8180,0x00000000feb00000)
  to   space 21504K, 0% used [0x00000000feb00000,0x00000000feb00000,0x0000000100000000)
 ParOldGen       total 290816K, used 216659K [0x00000000e0000000, 0x00000000f1c00000, 0x00000000f5580000)
  object space 290816K, 74% used [0x00000000e0000000,0x00000000ed394ef0,0x00000000f1c00000)
 Metaspace       used 115369K, capacity 121386K, committed 122572K, reserved 1155072K
  class space    used 14755K, capacity 16017K, committed 16384K, reserved 1048576K
}

